app/build/intermediates/manifest_merge_blame_file/debug/manifest-merger-blame-debug-report.txt
1<?xml version="1.0" encoding="utf-8"?>
2<manifest xmlns:android="http://schemas.android.com/apk/res/android"
3    package="com.flyzebra.tetris" >
4
5    <uses-sdk
6        android:minSdkVersion="8"
6-->src\main\AndroidManifest.xml
7        android:targetSdkVersion="21" />
7-->src\main\AndroidManifest.xml
8
9    <application
9-->src\main\AndroidManifest.xml:5:5-21:19
10        android:allowBackup="true"
10-->src\main\AndroidManifest.xml:6:9-35
11        android:debuggable="true"
12        android:icon="@drawable/ic_launcher"
12-->src\main\AndroidManifest.xml:7:9-45
13        android:label="@string/app_name"
13-->src\main\AndroidManifest.xml:8:9-41
14        android:testOnly="true"
15        android:theme="@style/AppTheme" >
15-->src\main\AndroidManifest.xml:9:9-40
16        <activity
16-->src\main\AndroidManifest.xml:10:9-20:20
17            android:name="com.flyzebra.tetris.MainActivity"
17-->src\main\AndroidManifest.xml:11:13-41
18            android:label="@string/app_name"
18-->src\main\AndroidManifest.xml:12:13-45
19            android:screenOrientation="portrait"
19-->src\main\AndroidManifest.xml:13:13-49
20            android:theme="@android:style/Theme.Black.NoTitleBar.Fullscreen" >
20-->src\main\AndroidManifest.xml:14:13-77
21            <intent-filter>
21-->src\main\AndroidManifest.xml:15:13-19:29
22                <action android:name="android.intent.action.MAIN" />
22-->src\main\AndroidManifest.xml:16:17-69
22-->src\main\AndroidManifest.xml:16:25-66
23
24                <category android:name="android.intent.category.LAUNCHER" />
24-->src\main\AndroidManifest.xml:18:17-77
24-->src\main\AndroidManifest.xml:18:27-74
25            </intent-filter>
26        </activity>
27    </application>
28
29</manifest>